<?xml version="1.0" encoding="UTF-8"?>
<!-- Generated by org.testng.reporters.JUnitReportReporter -->
<testsuite hostname="LAPTOP-VTJS6APB" failures="0" tests="1" name="com.Vtiger.testScripts.PurchaseOrderCreateFilter" time="19.984" errors="0" timestamp="2020-06-04T09:59:59 IST" skipped="0">
  <testcase classname="com.Vtiger.testScripts.PurchaseOrderCreateFilter" name="PurchaseCreatefilter" time="19.984"/>
  <system-out>
Clicked on more clicked on Purchase order link Clicked on create filter option Entered view name  Selected status  </system-out>
</testsuite> <!-- com.Vtiger.testScripts.PurchaseOrderCreateFilter -->
