<?xml version="1.0" encoding="UTF-8"?>
<!-- Generated by org.testng.reporters.JUnitReportReporter -->
<testsuite hostname="LAPTOP-VTJS6APB" failures="0" tests="1" name="com.Vtiger.testScripts.CreatePurchaseOrderTest" time="26.000" errors="0" timestamp="2020-06-13T09:52:07 IST" skipped="0">
  <testcase classname="com.Vtiger.testScripts.CreatePurchaseOrderTest" name="createPurchaseOrder" time="26.000"/>
  <system-out>
mouse hovered on more link clicked on purchase order link clicked on create purchase order link entered subject--> sub02 vendor name selected -->chethan selected status -->Approved entered billinhAddress address entered shippingAddress address clicked on searchIcon switched to child browser product01 entered in search field clicked on search button selected item is -->product01 switched to parent browser slected item is -->product01 entered qty is -->1 clicked on save button  </system-out>
</testsuite> <!-- com.Vtiger.testScripts.CreatePurchaseOrderTest -->
