<?xml version="1.0" encoding="UTF-8"?>
<!-- Generated by org.testng.reporters.JUnitReportReporter -->
<testsuite hostname="LAPTOP-VTJS6APB" failures="0" tests="1" name="com.Vtiger.testScripts.CreateOrganizationTest" time="21.961" errors="0" timestamp="2020-06-13T09:52:07 IST" skipped="0">
  <testcase classname="com.Vtiger.testScripts.CreateOrganizationTest" name="createOrgTest" time="21.961"/>
  <system-out>
cliked on organization link clicked on create organization link organization name is entered Organization website entered Entered Employees clicked on save button organization created successfully clicked on organization link link->home page displayed  </system-out>
</testsuite> <!-- com.Vtiger.testScripts.CreateOrganizationTest -->
