<?xml version="1.0" encoding="UTF-8"?>
<!-- Generated by org.testng.reporters.JUnitReportReporter -->
<testsuite hostname="LAPTOP-VTJS6APB" failures="0" tests="1" name="com.Vtiger.testScripts.CreateContactsTest" time="22.186" errors="0" timestamp="2020-06-13T09:52:07 IST" skipped="0">
  <testcase classname="com.Vtiger.testScripts.CreateContactsTest" name="createContTest" time="22.186"/>
  <system-out>
clicked on Contact link clicked on create contact link entered first name entered last name entered email entered mobile number clicked on select Organization button switched to childe browser selected Organization name switched back to parent browser clicked on save button contact created successfully Entered on contacts link-->home page displayed  </system-out>
</testsuite> <!-- com.Vtiger.testScripts.CreateContactsTest -->
