<?xml version="1.0" encoding="UTF-8"?>
<!-- Generated by org.testng.reporters.JUnitReportReporter -->
<testsuite hostname="LAPTOP-VTJS6APB" failures="0" tests="1" name="com.Vtiger.testScripts.CreateSalesOrderTest" time="25.748" errors="0" timestamp="2020-06-13T09:52:07 IST" skipped="0">
  <testcase classname="com.Vtiger.testScripts.CreateSalesOrderTest" name="createSalesOrderTest" time="25.748"/>
  <system-out>
Mouse hovered on more link clicked on sales order link clicked on create sales order link salesOrder01 entered into the subject TF cust1001 entered into the customerno TF bvc is selected  entered billing address entered shipping address laptop item is selected 1 is selected clicked on save button sales order created successfully  </system-out>
</testsuite> <!-- com.Vtiger.testScripts.CreateSalesOrderTest -->
