<?xml version="1.0" encoding="UTF-8"?>
<!-- Generated by org.testng.reporters.JUnitReportReporter -->
<testsuite hostname="LAPTOP-VTJS6APB" failures="0" tests="1" name="com.Vtiger.testScripts.CreatVendorTest" time="17.048" errors="0" timestamp="2020-06-10T19:43:07 IST" skipped="0">
  <testcase classname="com.Vtiger.testScripts.CreatVendorTest" name="CreateVendor" time="17.048"/>
  <system-out>
Moved to more option Clicked on Vendor link Clicked on create vendor Entered vendor name Clicked on save button Got saved vendor name Compared with actual vendor name  </system-out>
</testsuite> <!-- com.Vtiger.testScripts.CreatVendorTest -->
