<?xml version="1.0" encoding="UTF-8"?>
<!-- Generated by org.testng.reporters.JUnitReportReporter -->
<testsuite hostname="LAPTOP-VTJS6APB" failures="0" tests="1" name="com.purchaseOrdeer.CreatingPurchaseOrder" time="17.620" errors="0" timestamp="2020-06-02T08:33:02 IST" skipped="0">
  <testcase classname="com.purchaseOrdeer.CreatingPurchaseOrder" name="addPurchase" time="17.620"/>
  <system-out/>
</testsuite> <!-- com.purchaseOrdeer.CreatingPurchaseOrder -->
