<?xml version="1.0" encoding="UTF-8"?>
<!-- Generated by org.testng.reporters.JUnitReportReporter -->
<testsuite hostname="LAPTOP-VTJS6APB" failures="0" tests="1" name="com.Vtiger.testScripts.CreateProductsTest" time="21.215" errors="0" timestamp="2020-06-13T09:52:07 IST" skipped="0">
  <testcase classname="com.Vtiger.testScripts.CreateProductsTest" name="createProductTest" time="21.215"/>
  <system-out>
clicked on products link clicked on create products link product01 <--product is entered into the text field Hardware is selected  selected vendor name-->chethan selected gl Account clicked on save button  </system-out>
</testsuite> <!-- com.Vtiger.testScripts.CreateProductsTest -->
