<?xml version="1.0" encoding="UTF-8"?>
<!-- Generated by org.testng.reporters.JUnitReportReporter -->
<testsuite hostname="LAPTOP-VTJS6APB" failures="0" tests="1" name="com.Vtiger.testScripts.CreateVendorTest" time="21.686" errors="0" timestamp="2020-06-13T09:52:07 IST" skipped="0">
  <testcase classname="com.Vtiger.testScripts.CreateVendorTest" name="cretaeVendrTest" time="21.686"/>
  <system-out>
mouse hovered on more link clicked on vendor link clicked on creater vendor entered vendor name entered vendored email id entered vendored phone no cliked on save button vendor is created successfully clicked on vendors link-->home page displayed  </system-out>
</testsuite> <!-- com.Vtiger.testScripts.CreateVendorTest -->
