<?xml version="1.0" encoding="UTF-8"?>
<!-- Generated by org.testng.reporters.JUnitReportReporter -->
<testsuite hostname="LAPTOP-VTJS6APB" failures="0" tests="1" name="com.Vtiger.testScripts.CreateOpportunitiesTest" time="20.485" errors="0" timestamp="2020-06-13T09:52:07 IST" skipped="0">
  <testcase classname="com.Vtiger.testScripts.CreateOpportunitiesTest" name="createOpportuninyTest" time="20.485"/>
  <system-out>
Cliked on Opportunites link cliked on create opportunity link entered opportunity name clicked on Org link switched to child browser switched to parent browser selected Organization name Existing Business selected from sigle Select drop down clicked the saved button  </system-out>
</testsuite> <!-- com.Vtiger.testScripts.CreateOpportunitiesTest -->
