<?xml version="1.0" encoding="UTF-8"?>
<!-- Generated by org.testng.reporters.JUnitReportReporter -->
<testsuite hostname="LAPTOP-VTJS6APB" failures="0" tests="1" name="com.Vtiger.testScripts.NewDemo" time="8.740" errors="0" timestamp="2020-06-10T20:29:21 IST" skipped="0">
  <testcase classname="com.Vtiger.testScripts.NewDemo" name="demo" time="8.740"/>
  <system-out/>
</testsuite> <!-- com.Vtiger.testScripts.NewDemo -->
