<?xml version="1.0" encoding="UTF-8"?>
<!-- Generated by org.testng.reporters.JUnitReportReporter -->
<testsuite hostname="LAPTOP-VTJS6APB" failures="0" tests="1" name="com.Vtiger.testScripts.CreateLeadsTest" time="19.146" errors="0" timestamp="2020-06-13T09:52:07 IST" skipped="0">
  <testcase classname="com.Vtiger.testScripts.CreateLeadsTest" name="createLeadTest" time="19.146"/>
  <system-out>
clicked on leads link clicked on create leads link entered firstname into TF entered lastname into TF entered comapny name selected lead source selected industry type entered annualrevenue into TF entered noofemployees into TF clicked on save button  </system-out>
</testsuite> <!-- com.Vtiger.testScripts.CreateLeadsTest -->
