<?xml version="1.0" encoding="UTF-8"?>
<!-- Generated by org.testng.reporters.JUnitReportReporter -->
<testsuite hostname="LAPTOP-VTJS6APB" failures="0" tests="1" name="com.Vtiger.testScripts.CreateInvoiceTest" time="27.927" errors="0" timestamp="2020-06-13T09:52:07 IST" skipped="0">
  <testcase classname="com.Vtiger.testScripts.CreateInvoiceTest" name="createInvoiceTest" time="27.927"/>
  <system-out>
mouse hovered on more link clicked on Invoice Link clicked on create invoice link subject01 <-- entered  clicked on contact name switched to child browser switched to parent browser selected contact name clicked on organization name switched to child browser switched to parent browser selected org name entered billing address entered shipping address clicked on select item switched to child browser switched to parent browser selected item -->laptop selected qty -->1 clicked on save button  </system-out>
</testsuite> <!-- com.Vtiger.testScripts.CreateInvoiceTest -->
