<?xml version="1.0" encoding="UTF-8"?>
<!-- Generated by org.testng.reporters.JUnitReportReporter -->
<testsuite hostname="LAPTOP-VTJS6APB" failures="0" tests="1" name="com.Vtiger.testScripts.CreateQuotesTest" time="25.189" errors="0" timestamp="2020-06-13T09:52:07 IST" skipped="0">
  <testcase classname="com.Vtiger.testScripts.CreateQuotesTest" name="createQuoteTest" time="25.189"/>
  <system-out>
mouse hovered on more link clicked on Quotes Link clicked on create quotes link QOt01 <-- entered  clicked on organizatio button switched to child browser switched to parent browser selected org name entered billing address entered shipping address selected item -->laptop selected qty -->1 clicked on save button  </system-out>
</testsuite> <!-- com.Vtiger.testScripts.CreateQuotesTest -->
