<?xml version="1.0" encoding="UTF-8"?>
<!-- Generated by org.testng.reporters.JUnitReportReporter -->
<testsuite hostname="LAPTOP-VTJS6APB" failures="0" tests="10" name="com.Vtiger.testScripts.CreateProduct" time="171.112" errors="0" timestamp="2020-06-05T23:57:57 IST" skipped="0">
  <testcase classname="com.Vtiger.testScripts.CreateProduct" name="createproductTest" time="18.491"/>
  <system-out>
Clicked on product link Clicked on create product Entered product name Clicked on save button Compared with actual product name  </system-out>
  <testcase classname="com.Vtiger.testScripts.CreateProduct" name="createproductTest" time="16.551"/>
  <system-out>
Clicked on product link Clicked on create product Entered product name Clicked on save button Compared with actual product name  </system-out>
  <testcase classname="com.Vtiger.testScripts.CreateProduct" name="createproductTest" time="16.610"/>
  <system-out>
Clicked on product link Clicked on create product Entered product name Clicked on save button Compared with actual product name  </system-out>
  <testcase classname="com.Vtiger.testScripts.CreateProduct" name="createproductTest" time="16.540"/>
  <system-out>
Clicked on product link Clicked on create product Entered product name Clicked on save button Compared with actual product name  </system-out>
  <testcase classname="com.Vtiger.testScripts.CreateProduct" name="createproductTest" time="18.482"/>
  <system-out>
Clicked on product link Clicked on create product Entered product name Clicked on save button Compared with actual product name  </system-out>
  <testcase classname="com.Vtiger.testScripts.CreateProduct" name="createproductTest" time="17.165"/>
  <system-out>
Clicked on product link Clicked on create product Entered product name Clicked on save button Compared with actual product name  </system-out>
  <testcase classname="com.Vtiger.testScripts.CreateProduct" name="createproductTest" time="16.219"/>
  <system-out>
Clicked on product link Clicked on create product Entered product name Clicked on save button Compared with actual product name  </system-out>
  <testcase classname="com.Vtiger.testScripts.CreateProduct" name="createproductTest" time="17.110"/>
  <system-out>
Clicked on product link Clicked on create product Entered product name Clicked on save button Compared with actual product name  </system-out>
  <testcase classname="com.Vtiger.testScripts.CreateProduct" name="createproductTest" time="16.598"/>
  <system-out>
Clicked on product link Clicked on create product Entered product name Clicked on save button Compared with actual product name  </system-out>
  <testcase classname="com.Vtiger.testScripts.CreateProduct" name="createproductTest" time="17.346"/>
  <system-out>
Clicked on product link Clicked on create product Entered product name Clicked on save button Compared with actual product name  </system-out>
</testsuite> <!-- com.Vtiger.testScripts.CreateProduct -->
