<?xml version="1.0" encoding="UTF-8"?>
<!-- Generated by org.testng.reporters.JUnitReportReporter -->
<testsuite hostname="LAPTOP-VTJS6APB" failures="0" tests="10" name="com.Vtiger.testScripts.CreateProduct" time="143.060" errors="0" timestamp="2020-06-10T19:43:07 IST" skipped="0">
  <testcase classname="com.Vtiger.testScripts.CreateProduct" name="createproductTest" time="13.942"/>
  <system-out>
Clicked on product link Clicked on create product Entered product name Clicked on save button Compared with actual product name  </system-out>
  <testcase classname="com.Vtiger.testScripts.CreateProduct" name="createproductTest" time="14.106"/>
  <system-out>
Clicked on product link Clicked on create product Entered product name Clicked on save button Compared with actual product name  </system-out>
  <testcase classname="com.Vtiger.testScripts.CreateProduct" name="createproductTest" time="14.109"/>
  <system-out>
Clicked on product link Clicked on create product Entered product name Clicked on save button Compared with actual product name  </system-out>
  <testcase classname="com.Vtiger.testScripts.CreateProduct" name="createproductTest" time="14.136"/>
  <system-out>
Clicked on product link Clicked on create product Entered product name Clicked on save button Compared with actual product name  </system-out>
  <testcase classname="com.Vtiger.testScripts.CreateProduct" name="createproductTest" time="15.110"/>
  <system-out>
Clicked on product link Clicked on create product Entered product name Clicked on save button Compared with actual product name  </system-out>
  <testcase classname="com.Vtiger.testScripts.CreateProduct" name="createproductTest" time="13.903"/>
  <system-out>
Clicked on product link Clicked on create product Entered product name Clicked on save button Compared with actual product name  </system-out>
  <testcase classname="com.Vtiger.testScripts.CreateProduct" name="createproductTest" time="14.208"/>
  <system-out>
Clicked on product link Clicked on create product Entered product name Clicked on save button Compared with actual product name  </system-out>
  <testcase classname="com.Vtiger.testScripts.CreateProduct" name="createproductTest" time="14.357"/>
  <system-out>
Clicked on product link Clicked on create product Entered product name Clicked on save button Compared with actual product name  </system-out>
  <testcase classname="com.Vtiger.testScripts.CreateProduct" name="createproductTest" time="14.182"/>
  <system-out>
Clicked on product link Clicked on create product Entered product name Clicked on save button Compared with actual product name  </system-out>
  <testcase classname="com.Vtiger.testScripts.CreateProduct" name="createproductTest" time="15.007"/>
  <system-out>
Clicked on product link Clicked on create product Entered product name Clicked on save button Compared with actual product name  </system-out>
</testsuite> <!-- com.Vtiger.testScripts.CreateProduct -->
