<?xml version="1.0" encoding="UTF-8"?>
<!-- Generated by org.testng.reporters.JUnitReportReporter -->
<testsuite hostname="LAPTOP-VTJS6APB" failures="0" tests="3" name="com.Vtiger.testScripts.CreateOrganistion" time="61.786" errors="0" timestamp="2020-06-05T23:25:04 IST" skipped="0">
  <testcase classname="com.Vtiger.testScripts.CreateOrganistion" name="createorganationTest" time="20.434"/>
  <system-out>
Clicked on Organizations link Clicked on create Organizations Entered organization name Entered website Entered Number of employees Selected industry  Selected type Selected assign type	 Entered phone number Entered Email Entered annual revenue Entered annual billing address Clicked on save button Got saved Organization name Compared with actual oraganization name  </system-out>
  <testcase classname="com.Vtiger.testScripts.CreateOrganistion" name="createorganationTest" time="19.541"/>
  <system-out>
Clicked on Organizations link Clicked on create Organizations Entered organization name Entered website Entered Number of employees Selected industry  Selected type Selected assign type	 Entered phone number Entered Email Entered annual revenue Entered annual billing address Clicked on save button Got saved Organization name Compared with actual oraganization name  </system-out>
  <testcase classname="com.Vtiger.testScripts.CreateOrganistion" name="createorganationTest" time="21.811"/>
  <system-out>
Clicked on Organizations link Clicked on create Organizations Entered organization name Entered website Entered Number of employees Selected industry  Selected type Selected assign type	 Entered phone number Entered Email Entered annual revenue Entered annual billing address Clicked on save button Got saved Organization name Compared with actual oraganization name  </system-out>
</testsuite> <!-- com.Vtiger.testScripts.CreateOrganistion -->
